<?xml version="1.0" encoding="UTF-8"?>
<!-- Generated by org.testng.reporters.JUnitXMLReporter -->
<testsuite ignored="0" hostname="AlamFaleela" failures="0" tests="4" name="Test" time="6.851" errors="0" timestamp="2023-09-18T19:09:23 IST">
  <testcase classname="day8_apiChaining.CreateUser" name="createTest" time="4.019"/>
  <testcase classname="day8_apiChaining.GetUser" name="getUser" time="1.067"/>
  <testcase classname="day8_apiChaining.UpdateUser" name="updateUser" time="0.888"/>
  <testcase classname="day8_apiChaining.DeleteUser" name="deleteUser" time="0.813"/>
</testsuite> <!-- Test -->
