<?xml version="1.0" encoding="UTF-8"?>
<testng-results ignored="0" total="1" passed="1" failed="0" skipped="0">
  <reporter-output>
  </reporter-output>
  <suite started-at="2023-09-01T09:24:39 IST" name="Default suite" finished-at="2023-09-01T09:24:41 IST" duration-ms="2293">
    <groups>
    </groups>
    <test started-at="2023-09-01T09:24:39 IST" name="Default test" finished-at="2023-09-01T09:24:41 IST" duration-ms="2293">
      <class name="day2.DifferentWaysToCreatePostReqBody">
        <test-method signature="testPostUsingExternalJSONFile()[pri:0, instance:day2.DifferentWaysToCreatePostReqBody@29215f06]" started-at="2023-09-01T09:24:39 IST" name="testPostUsingExternalJSONFile" finished-at="2023-09-01T09:24:41 IST" duration-ms="2220" status="PASS">
          <reporter-output>
          </reporter-output>
        </test-method> <!-- testPostUsingExternalJSONFile -->
      </class> <!-- day2.DifferentWaysToCreatePostReqBody -->
    </test> <!-- Default test -->
  </suite> <!-- Default suite -->
</testng-results>
